<?xml version="1.0" encoding="UTF-8"?>
<!-- Generated by org.testng.reporters.JUnitXMLReporter -->
<testsuite ignored="0" hostname="ShAmi" failures="0" tests="4" name="Surefire test" time="26.571" errors="0" timestamp="2026-04-14T21:41:22 IST">
  <testcase classname="testCases.TC_001_AccountRegistrationPageTest" name="verify_account_registration" time="5.124"/>
  <testcase classname="testCases.TC_002_LoginTest" name="verifyAccoun" time="3.181"/>
  <testcase classname="testCases.TC_004_SearchProductTest" name="verify_pruductSearch" time="1.262"/>
  <testcase classname="testCases.TC_005_AddToCartPageTest" name="verify_addToCart" time="2.605"/>
</testsuite> <!-- Surefire test -->
