<?xml version="1.0" encoding="UTF-8"?>
<!-- Generated by org.testng.reporters.JUnitXMLReporter -->
<testsuite ignored="0" hostname="ShAmi" failures="0" tests="4" name="Surefire test" time="35.888" errors="0" timestamp="2026-05-02T20:32:44 IST">
  <testcase classname="testCases.TC_001_AccountRegistrationPageTest" name="verify_account_registration" time="5.356"/>
  <testcase classname="testCases.TC_002_LoginTest" name="verifyAccoun" time="4.982"/>
  <testcase classname="testCases.TC_004_SearchProductTest" name="verify_pruductSearch" time="0.925"/>
  <testcase classname="testCases.TC_005_AddToCartPageTest" name="verify_addToCart" time="7.162"/>
</testsuite> <!-- Surefire test -->
