<?xml version="1.0" encoding="UTF-8"?>
<!-- Generated by org.testng.reporters.JUnitXMLReporter -->
<testsuite ignored="0" hostname="ShAmi" failures="0" tests="10" name="Test" time="89.983" errors="0" timestamp="2026-08-15T13:05:10 IST">
  <testcase classname="testCases.TC_001_AccountRegistrationPageTest" name="verify_account_registration" time="3.963"/>
  <testcase classname="testCases.TC_002_LoginTest" name="verifyAccoun" time="2.553"/>
  <testcase classname="testCases.TC_003_LoginDDT" name="verify_loginDDT" time="2.96"/>
  <testcase classname="testCases.TC_003_LoginDDT" name="verify_loginDDT" time="12.831"/>
  <testcase classname="testCases.TC_003_LoginDDT" name="verify_loginDDT" time="12.278"/>
  <testcase classname="testCases.TC_003_LoginDDT" name="verify_loginDDT" time="3.189"/>
  <testcase classname="testCases.TC_003_LoginDDT" name="verify_loginDDT" time="12.117"/>
  <testcase classname="testCases.TC_003_LoginDDT" name="verify_loginDDT" time="12.047"/>
  <testcase classname="testCases.TC_004_SearchProductTest" name="verify_pruductSearch" time="1.143"/>
  <testcase classname="testCases.TC_005_AddToCartPageTest" name="verify_addToCart" time="2.707"/>
</testsuite> <!-- Test -->
