<?xml version="1.0" encoding="UTF-8"?>
<!-- Generated by org.testng.reporters.JUnitXMLReporter -->
<testsuite ignored="0" hostname="ShAmi" failures="0" tests="10" name="Test" time="78.348" errors="0" timestamp="2026-05-02T20:54:04 IST">
  <testcase classname="testCases.TC_001_AccountRegistrationPageTest" name="verify_account_registration" time="6.81"/>
  <testcase classname="testCases.TC_002_LoginTest" name="verifyAccoun" time="3.602"/>
  <testcase classname="testCases.TC_003_LoginDDT" name="verify_loginDDT" time="3.577"/>
  <testcase classname="testCases.TC_003_LoginDDT" name="verify_loginDDT" time="3.674"/>
  <testcase classname="testCases.TC_003_LoginDDT" name="verify_loginDDT" time="3.522"/>
  <testcase classname="testCases.TC_003_LoginDDT" name="verify_loginDDT" time="12.777"/>
  <testcase classname="testCases.TC_003_LoginDDT" name="verify_loginDDT" time="3.369"/>
  <testcase classname="testCases.TC_003_LoginDDT" name="verify_loginDDT" time="12.405"/>
  <testcase classname="testCases.TC_004_SearchProductTest" name="verify_pruductSearch" time="1.14"/>
  <testcase classname="testCases.TC_005_AddToCartPageTest" name="verify_addToCart" time="2.465"/>
</testsuite> <!-- Test -->
