<?xml version="1.0" encoding="UTF-8"?>
<testng-results ignored="0" total="4" passed="4" failed="0" skipped="0">
  <reporter-output>
  </reporter-output>
  <suite started-at="2026-04-14T21:40:56 IST" name="Surefire suite" finished-at="2026-04-14T21:41:22 IST" duration-ms="26571">
    <groups>
      <group name="Regerssion">
        <method signature="TC_002_LoginTest.verifyAccoun()[pri:0, instance:testCases.TC_002_LoginTest@616fe72b]" name="verifyAccoun" class="testCases.TC_002_LoginTest"/>
      </group> <!-- Regerssion -->
      <group name="Master">
        <method signature="TC_001_AccountRegistrationPageTest.verify_account_registration()[pri:0, instance:testCases.TC_001_AccountRegistrationPageTest@53f0a4cb]" name="verify_account_registration" class="testCases.TC_001_AccountRegistrationPageTest"/>
        <method signature="TC_002_LoginTest.verifyAccoun()[pri:0, instance:testCases.TC_002_LoginTest@616fe72b]" name="verifyAccoun" class="testCases.TC_002_LoginTest"/>
        <method signature="TC_004_SearchProductTest.verify_pruductSearch()[pri:0, instance:testCases.TC_004_SearchProductTest@37efd131]" name="verify_pruductSearch" class="testCases.TC_004_SearchProductTest"/>
        <method signature="TC_005_AddToCartPageTest.verify_addToCart()[pri:0, instance:testCases.TC_005_AddToCartPageTest@7e7b159b]" name="verify_addToCart" class="testCases.TC_005_AddToCartPageTest"/>
      </group> <!-- Master -->
      <group name="Sanity">
        <method signature="TC_001_AccountRegistrationPageTest.verify_account_registration()[pri:0, instance:testCases.TC_001_AccountRegistrationPageTest@53f0a4cb]" name="verify_account_registration" class="testCases.TC_001_AccountRegistrationPageTest"/>
      </group> <!-- Sanity -->
    </groups>
    <test started-at="2026-04-14T21:40:56 IST" name="Surefire test" finished-at="2026-04-14T21:41:22 IST" duration-ms="26571">
      <class name="testCases.TC_002_LoginTest">
        <test-method is-config="true" signature="setup(java.lang.String,java.lang.String)[pri:0, instance:testCases.TC_002_LoginTest@616fe72b]" started-at="2026-04-14T21:41:05 IST" name="setup" finished-at="2026-04-14T21:41:08 IST" duration-ms="2703" status="PASS">
          <params>
            <param index="0">
              <value>
                <![CDATA[windows]]>
              </value>
            </param>
            <param index="1">
              <value>
                <![CDATA[chrome]]>
              </value>
            </param>
          </params>
          <reporter-output>
          </reporter-output>
        </test-method> <!-- setup -->
        <test-method signature="verifyAccoun()[pri:0, instance:testCases.TC_002_LoginTest@616fe72b]" started-at="2026-04-14T21:41:08 IST" name="verifyAccoun" finished-at="2026-04-14T21:41:11 IST" duration-ms="3181" status="PASS">
          <reporter-output>
          </reporter-output>
        </test-method> <!-- verifyAccoun -->
        <test-method is-config="true" signature="teardown()[pri:0, instance:testCases.TC_002_LoginTest@616fe72b]" started-at="2026-04-14T21:41:11 IST" name="teardown" finished-at="2026-04-14T21:41:12 IST" duration-ms="413" status="PASS">
          <reporter-output>
          </reporter-output>
        </test-method> <!-- teardown -->
      </class> <!-- testCases.TC_002_LoginTest -->
      <class name="testCases.TC_005_AddToCartPageTest">
        <test-method is-config="true" signature="setup(java.lang.String,java.lang.String)[pri:0, instance:testCases.TC_005_AddToCartPageTest@7e7b159b]" started-at="2026-04-14T21:41:16 IST" name="setup" finished-at="2026-04-14T21:41:19 IST" duration-ms="2963" status="PASS">
          <params>
            <param index="0">
              <value>
                <![CDATA[windows]]>
              </value>
            </param>
            <param index="1">
              <value>
                <![CDATA[chrome]]>
              </value>
            </param>
          </params>
          <reporter-output>
          </reporter-output>
        </test-method> <!-- setup -->
        <test-method signature="verify_addToCart()[pri:0, instance:testCases.TC_005_AddToCartPageTest@7e7b159b]" started-at="2026-04-14T21:41:19 IST" name="verify_addToCart" finished-at="2026-04-14T21:41:22 IST" duration-ms="2605" status="PASS">
          <reporter-output>
          </reporter-output>
        </test-method> <!-- verify_addToCart -->
        <test-method is-config="true" signature="teardown()[pri:0, instance:testCases.TC_005_AddToCartPageTest@7e7b159b]" started-at="2026-04-14T21:41:22 IST" name="teardown" finished-at="2026-04-14T21:41:22 IST" duration-ms="399" status="PASS">
          <reporter-output>
          </reporter-output>
        </test-method> <!-- teardown -->
      </class> <!-- testCases.TC_005_AddToCartPageTest -->
      <class name="testCases.TC_004_SearchProductTest">
        <test-method is-config="true" signature="setup(java.lang.String,java.lang.String)[pri:0, instance:testCases.TC_004_SearchProductTest@37efd131]" started-at="2026-04-14T21:41:12 IST" name="setup" finished-at="2026-04-14T21:41:15 IST" duration-ms="3187" status="PASS">
          <params>
            <param index="0">
              <value>
                <![CDATA[windows]]>
              </value>
            </param>
            <param index="1">
              <value>
                <![CDATA[chrome]]>
              </value>
            </param>
          </params>
          <reporter-output>
          </reporter-output>
        </test-method> <!-- setup -->
        <test-method signature="verify_pruductSearch()[pri:0, instance:testCases.TC_004_SearchProductTest@37efd131]" started-at="2026-04-14T21:41:15 IST" name="verify_pruductSearch" finished-at="2026-04-14T21:41:16 IST" duration-ms="1262" status="PASS">
          <reporter-output>
          </reporter-output>
        </test-method> <!-- verify_pruductSearch -->
        <test-method is-config="true" signature="teardown()[pri:0, instance:testCases.TC_004_SearchProductTest@37efd131]" started-at="2026-04-14T21:41:16 IST" name="teardown" finished-at="2026-04-14T21:41:16 IST" duration-ms="347" status="PASS">
          <reporter-output>
          </reporter-output>
        </test-method> <!-- teardown -->
      </class> <!-- testCases.TC_004_SearchProductTest -->
      <class name="testCases.TC_001_AccountRegistrationPageTest">
        <test-method is-config="true" signature="setup(java.lang.String,java.lang.String)[pri:0, instance:testCases.TC_001_AccountRegistrationPageTest@53f0a4cb]" started-at="2026-04-14T21:40:56 IST" name="setup" finished-at="2026-04-14T21:41:00 IST" duration-ms="3871" status="PASS">
          <params>
            <param index="0">
              <value>
                <![CDATA[windows]]>
              </value>
            </param>
            <param index="1">
              <value>
                <![CDATA[chrome]]>
              </value>
            </param>
          </params>
          <reporter-output>
          </reporter-output>
        </test-method> <!-- setup -->
        <test-method signature="verify_account_registration()[pri:0, instance:testCases.TC_001_AccountRegistrationPageTest@53f0a4cb]" started-at="2026-04-14T21:41:00 IST" name="verify_account_registration" finished-at="2026-04-14T21:41:05 IST" duration-ms="5124" status="PASS">
          <reporter-output>
          </reporter-output>
        </test-method> <!-- verify_account_registration -->
        <test-method is-config="true" signature="teardown()[pri:0, instance:testCases.TC_001_AccountRegistrationPageTest@53f0a4cb]" started-at="2026-04-14T21:41:05 IST" name="teardown" finished-at="2026-04-14T21:41:05 IST" duration-ms="410" status="PASS">
          <reporter-output>
          </reporter-output>
        </test-method> <!-- teardown -->
      </class> <!-- testCases.TC_001_AccountRegistrationPageTest -->
    </test> <!-- Surefire test -->
  </suite> <!-- Surefire suite -->
</testng-results>
