<?xml version="1.0" encoding="UTF-8"?>
<testsuite xmlns:xsi="http://www.w3.org/2001/XMLSchema-instance" xsi:noNamespaceSchemaLocation="https://maven.apache.org/surefire/maven-surefire-plugin/xsd/surefire-test-report-3.0.xsd" version="3.0" name="TestSuite" time="110.707" tests="10" errors="0" skipped="0" failures="3">
  <properties>
[...]
</properties>
  <testcase name="verify_account_registration" classname="testCases.TC_001_AccountRegistrationPageTest" time="4.213">
    <system-out><![CDATA[2026-07-22 20:07:45 INFO  TC_001_AccountRegistrationPageTest:14 - ******Starting TC_001_AccountRegistrationPage***********
2026-07-22 20:07:45 INFO  TC_001_AccountRegistrationPageTest:18 - Clicking on MyAccount link.....
2026-07-22 20:07:46 INFO  TC_001_AccountRegistrationPageTest:21 - Clicking on Register link.....
2026-07-22 20:07:46 INFO  TC_001_AccountRegistrationPageTest:26 - Providing customer info.....
2026-07-22 20:07:49 INFO  TC_001_AccountRegistrationPageTest:40 -  Validating expected message... 
2026-07-22 20:07:50 INFO  TC_001_AccountRegistrationPageTest:63 - *****Finished TC_001_AccountRegistrationPage***** 
]]></system-out>
    <system-err><![CDATA[Jul 22, 2026 8:07:43 PM org.openqa.selenium.devtools.CdpVersionFinder findNearestMatch
WARNING: Unable to find an exact match for CDP version 150, returning the closest version; found: 147; Please update to a Selenium version that supports CDP version 150
]]></system-err>
  </testcase>
  <testcase name="verifyAccoun" classname="testCases.TC_002_LoginTest" time="2.64">
    <system-out><![CDATA[2026-07-22 20:07:54 INFO  TC_002_LoginTest:16 - ******Starting TC_002_LoginTest*****
2026-07-22 20:07:57 INFO  TC_002_LoginTest:40 - *****Finishing TC_002_LoginTest*****
]]></system-out>
    <system-err><![CDATA[Jul 22, 2026 8:07:52 PM org.openqa.selenium.devtools.CdpVersionFinder findNearestMatch
WARNING: Unable to find an exact match for CDP version 150, returning the closest version; found: 147; Please update to a Selenium version that supports CDP version 150
]]></system-err>
  </testcase>
  <testcase name="verify_loginDDT[ejii123@gmail.com, shami@08, Valid](1)" classname="testCases.TC_003_LoginDDT" time="3.297">
    <system-out><![CDATA[2026-07-22 20:08:05 INFO  TC_003_LoginDDT:26 - **** Starting TC_003_LoginDDT *****
2026-07-22 20:08:08 INFO  TC_003_LoginDDT:76 - **** Finished TC_003_LoginDDT *****
]]></system-out>
    <system-err><![CDATA[Jul 22, 2026 8:08:00 PM org.openqa.selenium.devtools.CdpVersionFinder findNearestMatch
WARNING: Unable to find an exact match for CDP version 150, returning the closest version; found: 147; Please update to a Selenium version that supports CDP version 150
]]></system-err>
  </testcase>
  <testcase name="verify_loginDDT[lakshmi@yahoo.com, Laxmi, Valid](2)" classname="testCases.TC_003_LoginDDT" time="2.722">
    <system-out><![CDATA[2026-07-22 20:08:08 INFO  TC_003_LoginDDT:26 - **** Starting TC_003_LoginDDT *****
2026-07-22 20:08:11 INFO  TC_003_LoginDDT:76 - **** Finished TC_003_LoginDDT *****
]]></system-out>
  </testcase>
  <testcase name="verify_loginDDT[laksh@yahoo.com, Lakshmi, Valid](3)" classname="testCases.TC_003_LoginDDT" time="10.589">
    <failure message="An exception occurred: no such element: Unable to locate element: {&quot;method&quot;:&quot;xpath&quot;,&quot;selector&quot;:&quot;//input[@id=&apos;input-email&apos;]&quot;}&#10;  (Session info: chrome=150.0.7871.129)&#10;For documentation on this error, please visit: https://www.selenium.dev/documentation/webdriver/troubleshooting/errors#nosuchelementexception&#10;Build info: version: &apos;4.43.0&apos;, revision: &apos;dd0f534&apos;&#10;System info: os.name: &apos;Windows 11&apos;, os.arch: &apos;amd64&apos;, os.version: &apos;10.0&apos;, java.version: &apos;23.0.2&apos;&#10;Driver info: org.openqa.selenium.chrome.ChromeDriver&#10;Command: [b96fedfaacccd2921c6b752c1d5cc8e2, findElement {value=//input[@id=&apos;input-email&apos;], using=xpath}]&#10;Capabilities {acceptInsecureCerts: false, browserName: chrome, browserVersion: 150.0.7871.129, chrome: {chromedriverVersion: 150.0.7871.124 (9261fd0a595..., userDataDir: C:\Users\shami\AppData\Loca...}, fedcm:accounts: true, goog:chromeOptions: {debuggerAddress: localhost:56189}, goog:processID: 5248, networkConnectionEnabled: false, pageLoadStrategy: normal, platformName: windows, proxy: Proxy(), se:cdp: ws://localhost:56189/devtoo..., se:cdpVersion: 150.0.7871.129, setWindowRect: true, strictFileInteractability: false, timeouts: {implicit: 0, pageLoad: 300000, script: 30000}, unhandledPromptBehavior: dismiss and notify, webauthn:extension:credBlob: true, webauthn:extension:largeBlob: true, webauthn:extension:minPinLength: true, webauthn:extension:prf: true, webauthn:virtualAuthenticators: true}&#10;Session ID: b96fedfaacccd2921c6b752c1d5cc8e2" type="java.lang.AssertionError"><![CDATA[java.lang.AssertionError: 
An exception occurred: no such element: Unable to locate element: {"method":"xpath","selector":"//input[@id='input-email']"}
  (Session info: chrome=150.0.7871.129)
For documentation on this error, please visit: https://www.selenium.dev/documentation/webdriver/troubleshooting/errors#nosuchelementexception
Build info: version: '4.43.0', revision: 'dd0f534'
System info: os.name: 'Windows 11', os.arch: 'amd64', os.version: '10.0', java.version: '23.0.2'
Driver info: org.openqa.selenium.chrome.ChromeDriver
Command: [b96fedfaacccd2921c6b752c1d5cc8e2, findElement {value=//input[@id='input-email'], using=xpath}]
Capabilities {acceptInsecureCerts: false, browserName: chrome, browserVersion: 150.0.7871.129, chrome: {chromedriverVersion: 150.0.7871.124 (9261fd0a595..., userDataDir: C:\Users\shami\AppData\Loca...}, fedcm:accounts: true, goog:chromeOptions: {debuggerAddress: localhost:56189}, goog:processID: 5248, networkConnectionEnabled: false, pageLoadStrategy: normal, platformName: windows, proxy: Proxy(), se:cdp: ws://localhost:56189/devtoo..., se:cdpVersion: 150.0.7871.129, setWindowRect: true, strictFileInteractability: false, timeouts: {implicit: 0, pageLoad: 300000, script: 30000}, unhandledPromptBehavior: dismiss and notify, webauthn:extension:credBlob: true, webauthn:extension:largeBlob: true, webauthn:extension:minPinLength: true, webauthn:extension:prf: true, webauthn:virtualAuthenticators: true}
Session ID: b96fedfaacccd2921c6b752c1d5cc8e2
	at org.testng.Assert.fail(Assert.java:111)
	at testCases.TC_003_LoginDDT.verify_loginDDT(TC_003_LoginDDT.java:73)
	at java.base/jdk.internal.reflect.DirectMethodHandleAccessor.invoke(DirectMethodHandleAccessor.java:103)
	at java.base/java.lang.reflect.Method.invoke(Method.java:580)
	at org.testng.internal.invokers.MethodInvocationHelper.invokeMethod(MethodInvocationHelper.java:141)
	at org.testng.internal.invokers.TestInvoker.invokeMethod(TestInvoker.java:697)
	at org.testng.internal.invokers.TestInvoker.invokeTestMethod(TestInvoker.java:230)
	at org.testng.internal.invokers.MethodRunner.runInSequence(MethodRunner.java:63)
	at org.testng.internal.invokers.TestInvoker$MethodInvocationAgent.invoke(TestInvoker.java:1005)
	at org.testng.internal.invokers.TestInvoker.invokeTestMethods(TestInvoker.java:203)
	at org.testng.internal.invokers.TestMethodWorker.invokeTestMethods(TestMethodWorker.java:154)
	at org.testng.internal.invokers.TestMethodWorker.run(TestMethodWorker.java:134)
	at java.base/java.util.ArrayList.forEach(ArrayList.java:1597)
	at org.testng.TestRunner.privateRun(TestRunner.java:744)
	at org.testng.TestRunner.run(TestRunner.java:616)
	at org.testng.SuiteRunner.runTest(SuiteRunner.java:421)
	at org.testng.SuiteRunner.runSequentially(SuiteRunner.java:413)
	at org.testng.SuiteRunner.privateRun(SuiteRunner.java:373)
	at org.testng.SuiteRunner.run(SuiteRunner.java:312)
	at org.testng.SuiteRunnerWorker.runSuite(SuiteRunnerWorker.java:52)
	at org.testng.SuiteRunnerWorker.run(SuiteRunnerWorker.java:95)
	at org.testng.TestNG.runSuitesSequentially(TestNG.java:1274)
	at org.testng.TestNG.runSuitesLocally(TestNG.java:1208)
	at org.testng.TestNG.runSuites(TestNG.java:1112)
	at org.testng.TestNG.run(TestNG.java:1079)
	at org.apache.maven.surefire.testng.TestNGExecutor.run(TestNGExecutor.java:308)
	at org.apache.maven.surefire.testng.TestNGXmlTestSuite.execute(TestNGXmlTestSuite.java:71)
	at org.apache.maven.surefire.testng.TestNGProvider.invoke(TestNGProvider.java:113)
	at org.apache.maven.surefire.booter.ForkedBooter.runSuitesInProcess(ForkedBooter.java:385)
	at org.apache.maven.surefire.booter.ForkedBooter.execute(ForkedBooter.java:162)
	at org.apache.maven.surefire.booter.ForkedBooter.run(ForkedBooter.java:507)
	at org.apache.maven.surefire.booter.ForkedBooter.main(ForkedBooter.java:495)
]]></failure>
    <system-out><![CDATA[2026-07-22 20:08:11 INFO  TC_003_LoginDDT:26 - **** Starting TC_003_LoginDDT *****
]]></system-out>
  </testcase>
  <testcase name="verify_loginDDT[laks@yahoo.com, xyz, Invalid](4)" classname="testCases.TC_003_LoginDDT" time="10.439">
    <failure message="An exception occurred: element not interactable&#10;  (Session info: chrome=150.0.7871.129)&#10;Build info: version: &apos;4.43.0&apos;, revision: &apos;dd0f534&apos;&#10;System info: os.name: &apos;Windows 11&apos;, os.arch: &apos;amd64&apos;, os.version: &apos;10.0&apos;, java.version: &apos;23.0.2&apos;&#10;Driver info: org.openqa.selenium.chrome.ChromeDriver&#10;Command: [b96fedfaacccd2921c6b752c1d5cc8e2, clickElement {id=f.F0C7C70CFFD1297DCCE6AAEE251A2D76.d.476B38B6F192C2B5545A3FE4A16E0960.e.177}]&#10;Capabilities {acceptInsecureCerts: false, browserName: chrome, browserVersion: 150.0.7871.129, chrome: {chromedriverVersion: 150.0.7871.124 (9261fd0a595..., userDataDir: C:\Users\shami\AppData\Loca...}, fedcm:accounts: true, goog:chromeOptions: {debuggerAddress: localhost:56189}, goog:processID: 5248, networkConnectionEnabled: false, pageLoadStrategy: normal, platformName: windows, proxy: Proxy(), se:cdp: ws://localhost:56189/devtoo..., se:cdpVersion: 150.0.7871.129, setWindowRect: true, strictFileInteractability: false, timeouts: {implicit: 0, pageLoad: 300000, script: 30000}, unhandledPromptBehavior: dismiss and notify, webauthn:extension:credBlob: true, webauthn:extension:largeBlob: true, webauthn:extension:minPinLength: true, webauthn:extension:prf: true, webauthn:virtualAuthenticators: true}&#10;Element: [[ChromeDriver: chrome on windows (b96fedfaacccd2921c6b752c1d5cc8e2)] -&gt; xpath: //a[normalize-space()=&apos;Login&apos;]]&#10;Session ID: b96fedfaacccd2921c6b752c1d5cc8e2" type="java.lang.AssertionError"><![CDATA[java.lang.AssertionError: 
An exception occurred: element not interactable
  (Session info: chrome=150.0.7871.129)
Build info: version: '4.43.0', revision: 'dd0f534'
System info: os.name: 'Windows 11', os.arch: 'amd64', os.version: '10.0', java.version: '23.0.2'
Driver info: org.openqa.selenium.chrome.ChromeDriver
Command: [b96fedfaacccd2921c6b752c1d5cc8e2, clickElement {id=f.F0C7C70CFFD1297DCCE6AAEE251A2D76.d.476B38B6F192C2B5545A3FE4A16E0960.e.177}]
Capabilities {acceptInsecureCerts: false, browserName: chrome, browserVersion: 150.0.7871.129, chrome: {chromedriverVersion: 150.0.7871.124 (9261fd0a595..., userDataDir: C:\Users\shami\AppData\Loca...}, fedcm:accounts: true, goog:chromeOptions: {debuggerAddress: localhost:56189}, goog:processID: 5248, networkConnectionEnabled: false, pageLoadStrategy: normal, platformName: windows, proxy: Proxy(), se:cdp: ws://localhost:56189/devtoo..., se:cdpVersion: 150.0.7871.129, setWindowRect: true, strictFileInteractability: false, timeouts: {implicit: 0, pageLoad: 300000, script: 30000}, unhandledPromptBehavior: dismiss and notify, webauthn:extension:credBlob: true, webauthn:extension:largeBlob: true, webauthn:extension:minPinLength: true, webauthn:extension:prf: true, webauthn:virtualAuthenticators: true}
Element: [[ChromeDriver: chrome on windows (b96fedfaacccd2921c6b752c1d5cc8e2)] -> xpath: //a[normalize-space()='Login']]
Session ID: b96fedfaacccd2921c6b752c1d5cc8e2
	at org.testng.Assert.fail(Assert.java:111)
	at testCases.TC_003_LoginDDT.verify_loginDDT(TC_003_LoginDDT.java:73)
	at java.base/jdk.internal.reflect.DirectMethodHandleAccessor.invoke(DirectMethodHandleAccessor.java:103)
	at java.base/java.lang.reflect.Method.invoke(Method.java:580)
	at org.testng.internal.invokers.MethodInvocationHelper.invokeMethod(MethodInvocationHelper.java:141)
	at org.testng.internal.invokers.TestInvoker.invokeMethod(TestInvoker.java:697)
	at org.testng.internal.invokers.TestInvoker.invokeTestMethod(TestInvoker.java:230)
	at org.testng.internal.invokers.MethodRunner.runInSequence(MethodRunner.java:63)
	at org.testng.internal.invokers.TestInvoker$MethodInvocationAgent.invoke(TestInvoker.java:1005)
	at org.testng.internal.invokers.TestInvoker.invokeTestMethods(TestInvoker.java:203)
	at org.testng.internal.invokers.TestMethodWorker.invokeTestMethods(TestMethodWorker.java:154)
	at org.testng.internal.invokers.TestMethodWorker.run(TestMethodWorker.java:134)
	at java.base/java.util.ArrayList.forEach(ArrayList.java:1597)
	at org.testng.TestRunner.privateRun(TestRunner.java:744)
	at org.testng.TestRunner.run(TestRunner.java:616)
	at org.testng.SuiteRunner.runTest(SuiteRunner.java:421)
	at org.testng.SuiteRunner.runSequentially(SuiteRunner.java:413)
	at org.testng.SuiteRunner.privateRun(SuiteRunner.java:373)
	at org.testng.SuiteRunner.run(SuiteRunner.java:312)
	at org.testng.SuiteRunnerWorker.runSuite(SuiteRunnerWorker.java:52)
	at org.testng.SuiteRunnerWorker.run(SuiteRunnerWorker.java:95)
	at org.testng.TestNG.runSuitesSequentially(TestNG.java:1274)
	at org.testng.TestNG.runSuitesLocally(TestNG.java:1208)
	at org.testng.TestNG.runSuites(TestNG.java:1112)
	at org.testng.TestNG.run(TestNG.java:1079)
	at org.apache.maven.surefire.testng.TestNGExecutor.run(TestNGExecutor.java:308)
	at org.apache.maven.surefire.testng.TestNGXmlTestSuite.execute(TestNGXmlTestSuite.java:71)
	at org.apache.maven.surefire.testng.TestNGProvider.invoke(TestNGProvider.java:113)
	at org.apache.maven.surefire.booter.ForkedBooter.runSuitesInProcess(ForkedBooter.java:385)
	at org.apache.maven.surefire.booter.ForkedBooter.execute(ForkedBooter.java:162)
	at org.apache.maven.surefire.booter.ForkedBooter.run(ForkedBooter.java:507)
	at org.apache.maven.surefire.booter.ForkedBooter.main(ForkedBooter.java:495)
]]></failure>
    <system-out><![CDATA[2026-07-22 20:08:21 INFO  TC_003_LoginDDT:26 - **** Starting TC_003_LoginDDT *****
]]></system-out>
  </testcase>
  <testcase name="verify_loginDDT[abc123@gmail.com, test@123, Valid](5)" classname="testCases.TC_003_LoginDDT" time="3.686">
    <system-out><![CDATA[2026-07-22 20:08:32 INFO  TC_003_LoginDDT:26 - **** Starting TC_003_LoginDDT *****
2026-07-22 20:08:35 INFO  TC_003_LoginDDT:76 - **** Finished TC_003_LoginDDT *****
]]></system-out>
  </testcase>
  <testcase name="verify_loginDDT[toji123@gmail.com, test@123, Invalid](6)" classname="testCases.TC_003_LoginDDT" time="12.478">
    <system-out><![CDATA[2026-07-22 20:08:35 INFO  TC_003_LoginDDT:26 - **** Starting TC_003_LoginDDT *****
2026-07-22 20:08:48 INFO  TC_003_LoginDDT:76 - **** Finished TC_003_LoginDDT *****
]]></system-out>
  </testcase>
  <testcase name="verify_pruductSearch" classname="testCases.TC_004_SearchProductTest" time="1.065">
    <system-out><![CDATA[2026-07-22 20:08:53 INFO  TC_004_SearchProductTest:14 -  Starting TC_004_SearchProductTest 
2026-07-22 20:08:54 INFO  TC_004_SearchProductTest:34 -  Finished TC_004_SearchProductTest 
]]></system-out>
    <system-err><![CDATA[Jul 22, 2026 8:08:50 PM org.openqa.selenium.devtools.CdpVersionFinder findNearestMatch
WARNING: Unable to find an exact match for CDP version 150, returning the closest version; found: 147; Please update to a Selenium version that supports CDP version 150
]]></system-err>
  </testcase>
  <testcase name="verify_addToCart" classname="testCases.TC_005_AddToCartPageTest" time="2.768">
    <failure message="expected [true] but found [false]" type="java.lang.AssertionError"><![CDATA[java.lang.AssertionError: expected [true] but found [false]
	at org.testng.Assert.fail(Assert.java:111)
	at org.testng.Assert.failNotEquals(Assert.java:1590)
	at org.testng.Assert.assertEqualsImpl(Assert.java:150)
	at org.testng.Assert.assertEquals(Assert.java:132)
	at org.testng.Assert.assertEquals(Assert.java:1079)
	at org.testng.Assert.assertEquals(Assert.java:1043)
	at org.testng.Assert.assertEquals(Assert.java:1089)
	at testCases.TC_005_AddToCartPageTest.verify_addToCart(TC_005_AddToCartPageTest.java:35)
	at java.base/jdk.internal.reflect.DirectMethodHandleAccessor.invoke(DirectMethodHandleAccessor.java:103)
	at java.base/java.lang.reflect.Method.invoke(Method.java:580)
	at org.testng.internal.invokers.MethodInvocationHelper.invokeMethod(MethodInvocationHelper.java:141)
	at org.testng.internal.invokers.TestInvoker.invokeMethod(TestInvoker.java:697)
	at org.testng.internal.invokers.TestInvoker.invokeTestMethod(TestInvoker.java:230)
	at org.testng.internal.invokers.MethodRunner.runInSequence(MethodRunner.java:63)
	at org.testng.internal.invokers.TestInvoker$MethodInvocationAgent.invoke(TestInvoker.java:1005)
	at org.testng.internal.invokers.TestInvoker.invokeTestMethods(TestInvoker.java:203)
	at org.testng.internal.invokers.TestMethodWorker.invokeTestMethods(TestMethodWorker.java:154)
	at org.testng.internal.invokers.TestMethodWorker.run(TestMethodWorker.java:134)
	at java.base/java.util.ArrayList.forEach(ArrayList.java:1597)
	at org.testng.TestRunner.privateRun(TestRunner.java:744)
	at org.testng.TestRunner.run(TestRunner.java:616)
	at org.testng.SuiteRunner.runTest(SuiteRunner.java:421)
	at org.testng.SuiteRunner.runSequentially(SuiteRunner.java:413)
	at org.testng.SuiteRunner.privateRun(SuiteRunner.java:373)
	at org.testng.SuiteRunner.run(SuiteRunner.java:312)
	at org.testng.SuiteRunnerWorker.runSuite(SuiteRunnerWorker.java:52)
	at org.testng.SuiteRunnerWorker.run(SuiteRunnerWorker.java:95)
	at org.testng.TestNG.runSuitesSequentially(TestNG.java:1274)
	at org.testng.TestNG.runSuitesLocally(TestNG.java:1208)
	at org.testng.TestNG.runSuites(TestNG.java:1112)
	at org.testng.TestNG.run(TestNG.java:1079)
	at org.apache.maven.surefire.testng.TestNGExecutor.run(TestNGExecutor.java:308)
	at org.apache.maven.surefire.testng.TestNGXmlTestSuite.execute(TestNGXmlTestSuite.java:71)
	at org.apache.maven.surefire.testng.TestNGProvider.invoke(TestNGProvider.java:113)
	at org.apache.maven.surefire.booter.ForkedBooter.runSuitesInProcess(ForkedBooter.java:385)
	at org.apache.maven.surefire.booter.ForkedBooter.execute(ForkedBooter.java:162)
	at org.apache.maven.surefire.booter.ForkedBooter.run(ForkedBooter.java:507)
	at org.apache.maven.surefire.booter.ForkedBooter.main(ForkedBooter.java:495)
]]></failure>
    <system-out><![CDATA[2026-07-22 20:09:01 INFO  TC_005_AddToCartPageTest:15 -  Starting TC_005_AddToCartPageTest 
]]></system-out>
    <system-err><![CDATA[Jul 22, 2026 8:08:55 PM org.openqa.selenium.devtools.CdpVersionFinder findNearestMatch
WARNING: Unable to find an exact match for CDP version 150, returning the closest version; found: 147; Please update to a Selenium version that supports CDP version 150
]]></system-err>
  </testcase>
</testsuite>