<?xml version="1.0" encoding="UTF-8"?>
<testsuite xmlns:xsi="http://www.w3.org/2001/XMLSchema-instance" xsi:noNamespaceSchemaLocation="https://maven.apache.org/surefire/maven-surefire-plugin/xsd/surefire-test-report.xsd" version="3.0.2" name="TestSuite" time="27.906" tests="2" errors="0" skipped="0" failures="0">
  <properties>
[...]
</properties>
  <testcase name="verify_account_registration" classname="testCases.TC_001_AccountRegistrationPageTest" time="4.156">
    <system-out><![CDATA[2026-04-13 19:56:00 INFO  TC_001_AccountRegistrationPageTest:14 - ******Starting TC_001_AccountRegistrationPage***********
2026-04-13 19:56:00 INFO  TC_001_AccountRegistrationPageTest:18 - Clicking on MyAccount link.....
2026-04-13 19:56:00 INFO  TC_001_AccountRegistrationPageTest:21 - Clicking on Register link.....
2026-04-13 19:56:01 INFO  TC_001_AccountRegistrationPageTest:26 - Providing customer info.....
2026-04-13 19:56:04 INFO  TC_001_AccountRegistrationPageTest:40 -  Validating expected message... 
2026-04-13 19:56:04 INFO  TC_001_AccountRegistrationPageTest:63 - *****Finished TC_001_AccountRegistrationPage***** 
]]></system-out>
    <system-err><![CDATA[Apr 13, 2026 7:55:58 PM org.openqa.selenium.devtools.CdpVersionFinder findNearestMatch
WARNING: Unable to find an exact match for CDP version 146, returning the closest version; found: 145; Please update to a Selenium version that supports CDP version 146
]]></system-err>
  </testcase>
  <testcase name="verifyAccoun" classname="testCases.TC_002_LoginTest" time="2.79">
    <system-out><![CDATA[2026-04-13 19:56:08 INFO  TC_002_LoginTest:16 - ******Starting TC_002_LoginTest*****
2026-04-13 19:56:10 INFO  TC_002_LoginTest:40 - *****Finishing TC_002_LoginTest*****
]]></system-out>
    <system-err><![CDATA[Apr 13, 2026 7:56:06 PM org.openqa.selenium.devtools.CdpVersionFinder findNearestMatch
WARNING: Unable to find an exact match for CDP version 146, returning the closest version; found: 145; Please update to a Selenium version that supports CDP version 146
]]></system-err>
  </testcase>
</testsuite>