<?xml version="1.0" encoding="UTF-8"?>
<testng-results ignored="0" total="10" passed="10" failed="0" skipped="0">
  <reporter-output>
  </reporter-output>
  <suite started-at="2026-05-02T20:47:09 IST" name=" Master Suite" finished-at="2026-05-02T20:48:32 IST" duration-ms="83005">
    <groups>
      <group name="Regerssion">
        <method signature="TC_002_LoginTest.verifyAccoun()[pri:0, instance:testCases.TC_002_LoginTest@3fa2213]" name="verifyAccoun" class="testCases.TC_002_LoginTest"/>
      </group> <!-- Regerssion -->
      <group name="Master">
        <method signature="TC_001_AccountRegistrationPageTest.verify_account_registration()[pri:0, instance:testCases.TC_001_AccountRegistrationPageTest@488eb7f2]" name="verify_account_registration" class="testCases.TC_001_AccountRegistrationPageTest"/>
        <method signature="TC_002_LoginTest.verifyAccoun()[pri:0, instance:testCases.TC_002_LoginTest@3fa2213]" name="verifyAccoun" class="testCases.TC_002_LoginTest"/>
        <method signature="TC_004_SearchProductTest.verify_pruductSearch()[pri:0, instance:testCases.TC_004_SearchProductTest@3e7634b9]" name="verify_pruductSearch" class="testCases.TC_004_SearchProductTest"/>
        <method signature="TC_005_AddToCartPageTest.verify_addToCart()[pri:0, instance:testCases.TC_005_AddToCartPageTest@6f0b0a5e]" name="verify_addToCart" class="testCases.TC_005_AddToCartPageTest"/>
      </group> <!-- Master -->
      <group name="Sanity">
        <method signature="TC_001_AccountRegistrationPageTest.verify_account_registration()[pri:0, instance:testCases.TC_001_AccountRegistrationPageTest@488eb7f2]" name="verify_account_registration" class="testCases.TC_001_AccountRegistrationPageTest"/>
      </group> <!-- Sanity -->
      <group name="DataDriven">
        <method signature="TC_003_LoginDDT.verify_loginDDT(java.lang.String,java.lang.String,java.lang.String)[pri:0, instance:testCases.TC_003_LoginDDT@6035b93b]" name="verify_loginDDT" class="testCases.TC_003_LoginDDT"/>
      </group> <!-- DataDriven -->
    </groups>
    <test started-at="2026-05-02T20:47:09 IST" name="Test" finished-at="2026-05-02T20:48:32 IST" duration-ms="83005">
      <class name="testCases.TC_002_LoginTest">
        <test-method is-config="true" signature="setup(java.lang.String,java.lang.String)[pri:0, instance:testCases.TC_002_LoginTest@3fa2213]" started-at="2026-05-02T20:47:22 IST" name="setup" finished-at="2026-05-02T20:47:26 IST" duration-ms="3839" status="PASS">
          <params>
            <param index="0">
              <value>
                <![CDATA[Windows]]>
              </value>
            </param>
            <param index="1">
              <value>
                <![CDATA[chrome]]>
              </value>
            </param>
          </params>
          <reporter-output>
          </reporter-output>
        </test-method> <!-- setup -->
        <test-method signature="verifyAccoun()[pri:0, instance:testCases.TC_002_LoginTest@3fa2213]" started-at="2026-05-02T20:47:26 IST" name="verifyAccoun" finished-at="2026-05-02T20:47:29 IST" duration-ms="3433" status="PASS">
          <reporter-output>
          </reporter-output>
        </test-method> <!-- verifyAccoun -->
        <test-method is-config="true" signature="teardown()[pri:0, instance:testCases.TC_002_LoginTest@3fa2213]" started-at="2026-05-02T20:47:29 IST" name="teardown" finished-at="2026-05-02T20:47:29 IST" duration-ms="432" status="PASS">
          <reporter-output>
          </reporter-output>
        </test-method> <!-- teardown -->
      </class> <!-- testCases.TC_002_LoginTest -->
      <class name="testCases.TC_005_AddToCartPageTest">
        <test-method is-config="true" signature="setup(java.lang.String,java.lang.String)[pri:0, instance:testCases.TC_005_AddToCartPageTest@6f0b0a5e]" started-at="2026-05-02T20:47:33 IST" name="setup" finished-at="2026-05-02T20:47:37 IST" duration-ms="3690" status="PASS">
          <params>
            <param index="0">
              <value>
                <![CDATA[Windows]]>
              </value>
            </param>
            <param index="1">
              <value>
                <![CDATA[chrome]]>
              </value>
            </param>
          </params>
          <reporter-output>
          </reporter-output>
        </test-method> <!-- setup -->
        <test-method signature="verify_addToCart()[pri:0, instance:testCases.TC_005_AddToCartPageTest@6f0b0a5e]" started-at="2026-05-02T20:47:37 IST" name="verify_addToCart" finished-at="2026-05-02T20:47:40 IST" duration-ms="3035" status="PASS">
          <reporter-output>
          </reporter-output>
        </test-method> <!-- verify_addToCart -->
        <test-method is-config="true" signature="teardown()[pri:0, instance:testCases.TC_005_AddToCartPageTest@6f0b0a5e]" started-at="2026-05-02T20:47:40 IST" name="teardown" finished-at="2026-05-02T20:47:41 IST" duration-ms="445" status="PASS">
          <reporter-output>
          </reporter-output>
        </test-method> <!-- teardown -->
      </class> <!-- testCases.TC_005_AddToCartPageTest -->
      <class name="testCases.TC_004_SearchProductTest">
        <test-method is-config="true" signature="setup(java.lang.String,java.lang.String)[pri:0, instance:testCases.TC_004_SearchProductTest@3e7634b9]" started-at="2026-05-02T20:47:29 IST" name="setup" finished-at="2026-05-02T20:47:32 IST" duration-ms="2678" status="PASS">
          <params>
            <param index="0">
              <value>
                <![CDATA[Windows]]>
              </value>
            </param>
            <param index="1">
              <value>
                <![CDATA[chrome]]>
              </value>
            </param>
          </params>
          <reporter-output>
          </reporter-output>
        </test-method> <!-- setup -->
        <test-method signature="verify_pruductSearch()[pri:0, instance:testCases.TC_004_SearchProductTest@3e7634b9]" started-at="2026-05-02T20:47:32 IST" name="verify_pruductSearch" finished-at="2026-05-02T20:47:33 IST" duration-ms="876" status="PASS">
          <reporter-output>
          </reporter-output>
        </test-method> <!-- verify_pruductSearch -->
        <test-method is-config="true" signature="teardown()[pri:0, instance:testCases.TC_004_SearchProductTest@3e7634b9]" started-at="2026-05-02T20:47:33 IST" name="teardown" finished-at="2026-05-02T20:47:33 IST" duration-ms="377" status="PASS">
          <reporter-output>
          </reporter-output>
        </test-method> <!-- teardown -->
      </class> <!-- testCases.TC_004_SearchProductTest -->
      <class name="testCases.TC_001_AccountRegistrationPageTest">
        <test-method is-config="true" signature="setup(java.lang.String,java.lang.String)[pri:0, instance:testCases.TC_001_AccountRegistrationPageTest@488eb7f2]" started-at="2026-05-02T20:47:10 IST" name="setup" finished-at="2026-05-02T20:47:17 IST" duration-ms="7031" status="PASS">
          <params>
            <param index="0">
              <value>
                <![CDATA[Windows]]>
              </value>
            </param>
            <param index="1">
              <value>
                <![CDATA[chrome]]>
              </value>
            </param>
          </params>
          <reporter-output>
          </reporter-output>
        </test-method> <!-- setup -->
        <test-method signature="verify_account_registration()[pri:0, instance:testCases.TC_001_AccountRegistrationPageTest@488eb7f2]" started-at="2026-05-02T20:47:17 IST" name="verify_account_registration" finished-at="2026-05-02T20:47:21 IST" duration-ms="4632" status="PASS">
          <reporter-output>
          </reporter-output>
        </test-method> <!-- verify_account_registration -->
        <test-method is-config="true" signature="teardown()[pri:0, instance:testCases.TC_001_AccountRegistrationPageTest@488eb7f2]" started-at="2026-05-02T20:47:21 IST" name="teardown" finished-at="2026-05-02T20:47:22 IST" duration-ms="421" status="PASS">
          <reporter-output>
          </reporter-output>
        </test-method> <!-- teardown -->
      </class> <!-- testCases.TC_001_AccountRegistrationPageTest -->
      <class name="testCases.TC_003_LoginDDT">
        <test-method is-config="true" signature="setup(java.lang.String,java.lang.String)[pri:0, instance:testCases.TC_003_LoginDDT@6035b93b]" started-at="2026-05-02T20:47:41 IST" name="setup" finished-at="2026-05-02T20:47:46 IST" duration-ms="5464" status="PASS">
          <params>
            <param index="0">
              <value>
                <![CDATA[Windows]]>
              </value>
            </param>
            <param index="1">
              <value>
                <![CDATA[chrome]]>
              </value>
            </param>
          </params>
          <reporter-output>
          </reporter-output>
        </test-method> <!-- setup -->
        <test-method signature="verify_loginDDT(java.lang.String,java.lang.String,java.lang.String)[pri:0, instance:testCases.TC_003_LoginDDT@6035b93b]" started-at="2026-05-02T20:47:49 IST" name="verify_loginDDT" data-provider="LoginData" finished-at="2026-05-02T20:47:53 IST" duration-ms="3774" status="PASS">
          <params>
            <param index="0">
              <value>
                <![CDATA[ejii123@gmail.com]]>
              </value>
            </param>
            <param index="1">
              <value>
                <![CDATA[shami@08]]>
              </value>
            </param>
            <param index="2">
              <value>
                <![CDATA[Valid]]>
              </value>
            </param>
          </params>
          <reporter-output>
          </reporter-output>
        </test-method> <!-- verify_loginDDT -->
        <test-method signature="verify_loginDDT(java.lang.String,java.lang.String,java.lang.String)[pri:0, instance:testCases.TC_003_LoginDDT@6035b93b]" started-at="2026-05-02T20:47:53 IST" name="verify_loginDDT" data-provider="LoginData" finished-at="2026-05-02T20:47:57 IST" duration-ms="3855" status="PASS">
          <params>
            <param index="0">
              <value>
                <![CDATA[lakshmi@yahoo.com]]>
              </value>
            </param>
            <param index="1">
              <value>
                <![CDATA[Laxmi]]>
              </value>
            </param>
            <param index="2">
              <value>
                <![CDATA[Valid]]>
              </value>
            </param>
          </params>
          <reporter-output>
          </reporter-output>
        </test-method> <!-- verify_loginDDT -->
        <test-method signature="verify_loginDDT(java.lang.String,java.lang.String,java.lang.String)[pri:0, instance:testCases.TC_003_LoginDDT@6035b93b]" started-at="2026-05-02T20:47:57 IST" name="verify_loginDDT" data-provider="LoginData" finished-at="2026-05-02T20:48:00 IST" duration-ms="3628" status="PASS">
          <params>
            <param index="0">
              <value>
                <![CDATA[laksh@yahoo.com]]>
              </value>
            </param>
            <param index="1">
              <value>
                <![CDATA[Lakshmi]]>
              </value>
            </param>
            <param index="2">
              <value>
                <![CDATA[Valid]]>
              </value>
            </param>
          </params>
          <reporter-output>
          </reporter-output>
        </test-method> <!-- verify_loginDDT -->
        <test-method signature="verify_loginDDT(java.lang.String,java.lang.String,java.lang.String)[pri:0, instance:testCases.TC_003_LoginDDT@6035b93b]" started-at="2026-05-02T20:48:00 IST" name="verify_loginDDT" data-provider="LoginData" finished-at="2026-05-02T20:48:13 IST" duration-ms="12661" status="PASS">
          <params>
            <param index="0">
              <value>
                <![CDATA[laks@yahoo.com]]>
              </value>
            </param>
            <param index="1">
              <value>
                <![CDATA[xyz]]>
              </value>
            </param>
            <param index="2">
              <value>
                <![CDATA[Invalid]]>
              </value>
            </param>
          </params>
          <reporter-output>
          </reporter-output>
        </test-method> <!-- verify_loginDDT -->
        <test-method signature="verify_loginDDT(java.lang.String,java.lang.String,java.lang.String)[pri:0, instance:testCases.TC_003_LoginDDT@6035b93b]" started-at="2026-05-02T20:48:13 IST" name="verify_loginDDT" data-provider="LoginData" finished-at="2026-05-02T20:48:19 IST" duration-ms="5977" status="PASS">
          <params>
            <param index="0">
              <value>
                <![CDATA[abc123@gmail.com]]>
              </value>
            </param>
            <param index="1">
              <value>
                <![CDATA[test@123]]>
              </value>
            </param>
            <param index="2">
              <value>
                <![CDATA[Valid]]>
              </value>
            </param>
          </params>
          <reporter-output>
          </reporter-output>
        </test-method> <!-- verify_loginDDT -->
        <test-method signature="verify_loginDDT(java.lang.String,java.lang.String,java.lang.String)[pri:0, instance:testCases.TC_003_LoginDDT@6035b93b]" started-at="2026-05-02T20:48:19 IST" name="verify_loginDDT" data-provider="LoginData" finished-at="2026-05-02T20:48:32 IST" duration-ms="12759" status="PASS">
          <params>
            <param index="0">
              <value>
                <![CDATA[]]>
              </value>
            </param>
            <param index="1">
              <value>
                <![CDATA[test@123]]>
              </value>
            </param>
            <param index="2">
              <value>
                <![CDATA[Invalid]]>
              </value>
            </param>
          </params>
          <reporter-output>
          </reporter-output>
        </test-method> <!-- verify_loginDDT -->
        <test-method is-config="true" signature="teardown()[pri:0, instance:testCases.TC_003_LoginDDT@6035b93b]" started-at="2026-05-02T20:48:32 IST" name="teardown" finished-at="2026-05-02T20:48:32 IST" duration-ms="527" status="PASS">
          <reporter-output>
          </reporter-output>
        </test-method> <!-- teardown -->
      </class> <!-- testCases.TC_003_LoginDDT -->
    </test> <!-- Test -->
  </suite> <!--  Master Suite -->
</testng-results>
