<?xml version="1.0" encoding="UTF-8"?>
<!-- Generated by org.testng.reporters.JUnitXMLReporter -->
<testsuite ignored="0" hostname="ShAmi" failures="0" tests="6" name="linux Test" time="281.784" errors="0" timestamp="2026-05-31T14:23:20 IST">
  <testcase classname="testCases.TC_001_AccountRegistrationPageTest" name="verify_account_registration" time="13.03"/>
  <testcase classname="testCases.TC_002_LoginTest" name="verifyAccoun" time="4.366"/>
  <testcase classname="testCases.TC_003_LoginDDT" name="verify_loginDDT" time="18.771"/>
  <testcase classname="testCases.TC_003_LoginDDT" name="verify_loginDDT" time="11.059"/>
  <testcase classname="testCases.TC_003_LoginDDT" name="verify_loginDDT" time="12.19"/>
  <testcase classname="testCases.TC_003_LoginDDT" name="verify_loginDDT" time="175.289"/>
</testsuite> <!-- linux Test -->
