<?xml version="1.0" encoding="UTF-8"?>
<!-- Generated by org.testng.reporters.JUnitXMLReporter -->
<testsuite ignored="0" hostname="ShAmi" failures="0" tests="10" name="Test" time="83.005" errors="0" timestamp="2026-05-02T20:48:34 IST">
  <testcase classname="testCases.TC_001_AccountRegistrationPageTest" name="verify_account_registration" time="4.632"/>
  <testcase classname="testCases.TC_002_LoginTest" name="verifyAccoun" time="3.433"/>
  <testcase classname="testCases.TC_004_SearchProductTest" name="verify_pruductSearch" time="0.876"/>
  <testcase classname="testCases.TC_005_AddToCartPageTest" name="verify_addToCart" time="3.035"/>
  <testcase classname="testCases.TC_003_LoginDDT" name="verify_loginDDT" time="3.774"/>
  <testcase classname="testCases.TC_003_LoginDDT" name="verify_loginDDT" time="3.855"/>
  <testcase classname="testCases.TC_003_LoginDDT" name="verify_loginDDT" time="3.628"/>
  <testcase classname="testCases.TC_003_LoginDDT" name="verify_loginDDT" time="12.661"/>
  <testcase classname="testCases.TC_003_LoginDDT" name="verify_loginDDT" time="5.977"/>
  <testcase classname="testCases.TC_003_LoginDDT" name="verify_loginDDT" time="12.759"/>
</testsuite> <!-- Test -->
