<?xml version="1.0" encoding="UTF-8"?>
<!-- Generated by org.testng.reporters.JUnitXMLReporter -->
<testsuite ignored="0" hostname="ShAmi" failures="0" tests="4" name="Test" time="25.316" errors="0" timestamp="2026-04-14T21:40:32 IST">
  <testcase classname="testCases.TC_001_AccountRegistrationPageTest" name="verify_account_registration" time="4.105"/>
  <testcase classname="testCases.TC_002_LoginTest" name="verifyAccoun" time="2.662"/>
  <testcase classname="testCases.TC_004_SearchProductTest" name="verify_pruductSearch" time="0.957"/>
  <testcase classname="testCases.TC_005_AddToCartPageTest" name="verify_addToCart" time="2.621"/>
</testsuite> <!-- Test -->
