<?xml version="1.0" encoding="UTF-8"?>
<!-- Generated by org.testng.reporters.JUnitReportReporter -->
<testsuite hostname="ShAmi" failures="0" tests="6" name="testCases.TC_003_LoginDDT" time="42.654" errors="0" timestamp="2026-05-02T20:48:34 IST" skipped="0">
  <testcase classname="testCases.TC_003_LoginDDT" name="verify_loginDDT" time="3.774"/>
  <testcase classname="testCases.TC_003_LoginDDT" name="verify_loginDDT" time="3.628"/>
  <testcase classname="testCases.TC_003_LoginDDT" name="verify_loginDDT" time="3.855"/>
  <testcase classname="testCases.TC_003_LoginDDT" name="verify_loginDDT" time="12.661"/>
  <testcase classname="testCases.TC_003_LoginDDT" name="verify_loginDDT" time="5.977"/>
  <testcase classname="testCases.TC_003_LoginDDT" name="verify_loginDDT" time="12.759"/>
</testsuite> <!-- testCases.TC_003_LoginDDT -->
