<?xml version="1.0" encoding="UTF-8"?>
<!-- Generated by org.testng.reporters.JUnitReportReporter -->
<testsuite hostname="ShAmi" failures="0" tests="6" name="testCases.TC_003_LoginDDT" time="55.422" errors="0" timestamp="2026-08-15T13:05:10 IST" skipped="0">
  <testcase classname="testCases.TC_003_LoginDDT" name="verify_loginDDT" time="2.960"/>
  <testcase classname="testCases.TC_003_LoginDDT" name="verify_loginDDT" time="12.831"/>
  <testcase classname="testCases.TC_003_LoginDDT" name="verify_loginDDT" time="12.278"/>
  <testcase classname="testCases.TC_003_LoginDDT" name="verify_loginDDT" time="3.189"/>
  <testcase classname="testCases.TC_003_LoginDDT" name="verify_loginDDT" time="12.047"/>
  <testcase classname="testCases.TC_003_LoginDDT" name="verify_loginDDT" time="12.117"/>
</testsuite> <!-- testCases.TC_003_LoginDDT -->
