<?xml version="1.0" encoding="UTF-8"?>
<!-- Generated by org.testng.reporters.JUnitReportReporter -->
<testsuite hostname="ShAmi" failures="0" tests="6" name="testCases.TC_003_LoginDDT" time="39.324" errors="0" timestamp="2026-05-02T20:54:04 IST" skipped="0">
  <testcase classname="testCases.TC_003_LoginDDT" name="verify_loginDDT" time="3.369"/>
  <testcase classname="testCases.TC_003_LoginDDT" name="verify_loginDDT" time="3.577"/>
  <testcase classname="testCases.TC_003_LoginDDT" name="verify_loginDDT" time="12.777"/>
  <testcase classname="testCases.TC_003_LoginDDT" name="verify_loginDDT" time="12.405"/>
  <testcase classname="testCases.TC_003_LoginDDT" name="verify_loginDDT" time="3.522"/>
  <testcase classname="testCases.TC_003_LoginDDT" name="verify_loginDDT" time="3.674"/>
</testsuite> <!-- testCases.TC_003_LoginDDT -->
